[0m21:09:21.010069 [debug] [MainThread]: Sending event: {'category': 'dbt', 'action': 'invocation', 'label': 'start', 'context': [<snowplow_tracker.self_describing_json.SelfDescribingJson object at 0x7f7891025a90>, <snowplow_tracker.self_describing_json.SelfDescribingJson object at 0x7f789102fe90>, <snowplow_tracker.self_describing_json.SelfDescribingJson object at 0x7f7891601f50>]}


============================== 21:09:21.014172 | c2f55e46-3593-4288-8880-449eb7cdf0db ==============================
[0m21:09:21.014172 [info ] [MainThread]: Running with dbt=1.7.11
[0m21:09:21.014991 [debug] [MainThread]: running dbt with arguments {'printer_width': '80', 'indirect_selection': 'eager', 'log_cache_events': 'False', 'write_json': 'True', 'partial_parse': 'True', 'cache_selected_only': 'False', 'warn_error': 'None', 'debug': 'False', 'version_check': 'True', 'log_path': 'logs', 'fail_fast': 'False', 'profiles_dir': '/home/aibunny/.dbt', 'use_colors': 'True', 'use_experimental_parser': 'False', 'no_print': 'None', 'quiet': 'False', 'warn_error_options': 'WarnErrorOptions(include=[], exclude=[])', 'introspect': 'True', 'static_parser': 'True', 'log_format': 'default', 'target_path': 'None', 'invocation_command': 'dbt init amis_dbt', 'send_anonymous_usage_stats': 'True'}
[0m21:09:21.016207 [debug] [MainThread]: Starter project path: /home/aibunny/spaceai/Kenya-Agric-Commodity-ETL/dbt/lib/python3.11/site-packages/dbt/include/starter_project
[0m21:09:21.019923 [info ] [MainThread]:
Your new dbt project "amis_dbt" was created!

For more information on how to configure the profiles.yml file,
please consult the dbt documentation here:

  https://docs.getdbt.com/docs/configure-your-profile

One more thing:

Need help? Don't hesitate to reach out to us via GitHub issues or on Slack:

  https://community.getdbt.com/

Happy modeling!

[0m21:09:21.020671 [info ] [MainThread]: Setting up your profile.
[0m21:10:34.296118 [info ] [MainThread]: Profile amis_dbt written to /home/aibunny/.dbt/profiles.yml using target's profile_template.yml and your supplied values. Run 'dbt debug' to validate the connection.
[0m21:10:34.302527 [debug] [MainThread]: Resource report: {"command_name": "init", "command_success": true, "command_wall_clock_time": 73.348724, "process_user_time": 1.801275, "process_kernel_time": 0.068048, "process_mem_max_rss": "97692", "process_in_blocks": "1040", "process_out_blocks": "80"}
[0m21:10:34.303857 [debug] [MainThread]: Command `dbt init` succeeded at 21:10:34.303544 after 73.35 seconds
[0m21:10:34.304495 [debug] [MainThread]: Sending event: {'category': 'dbt', 'action': 'invocation', 'label': 'end', 'context': [<snowplow_tracker.self_describing_json.SelfDescribingJson object at 0x7f7891ca3a50>, <snowplow_tracker.self_describing_json.SelfDescribingJson object at 0x7f7891601f90>, <snowplow_tracker.self_describing_json.SelfDescribingJson object at 0x7f7891698f50>]}
[0m21:10:34.305282 [debug] [MainThread]: Flushing usage events
[0m21:08:18.374188 [debug] [MainThread]: Sending event: {'category': 'dbt', 'action': 'invocation', 'label': 'start', 'context': [<snowplow_tracker.self_describing_json.SelfDescribingJson object at 0x7f8dbb513790>, <snowplow_tracker.self_describing_json.SelfDescribingJson object at 0x7f8dbb511710>, <snowplow_tracker.self_describing_json.SelfDescribingJson object at 0x7f8dbb512fd0>]}


============================== 21:08:18.377356 | 22f83ac7-9bce-4764-85a8-43f4ea090427 ==============================
[0m21:08:18.377356 [info ] [MainThread]: Running with dbt=1.7.11
[0m21:08:18.377910 [debug] [MainThread]: running dbt with arguments {'printer_width': '80', 'indirect_selection': 'eager', 'log_cache_events': 'False', 'write_json': 'True', 'partial_parse': 'True', 'cache_selected_only': 'False', 'profiles_dir': '/home/aibunny/.dbt', 'debug': 'False', 'version_check': 'True', 'log_path': 'logs', 'fail_fast': 'False', 'warn_error': 'None', 'use_colors': 'True', 'use_experimental_parser': 'False', 'no_print': 'None', 'quiet': 'False', 'log_format': 'default', 'invocation_command': 'dbt run', 'static_parser': 'True', 'introspect': 'True', 'target_path': 'None', 'warn_error_options': 'WarnErrorOptions(include=[], exclude=[])', 'send_anonymous_usage_stats': 'True'}
[0m21:08:18.378647 [error] [MainThread]: Encountered an error:
Runtime Error
  No dbt_project.yml found at expected path /home/aibunny/spaceai/Kenya-Agric-Commodity-ETL/dbt_project.yml
  Verify that each entry within packages.yml (and their transitive dependencies) contains a file named dbt_project.yml

[0m21:08:18.380135 [debug] [MainThread]: Resource report: {"command_name": "run", "command_wall_clock_time": 0.04546615, "process_user_time": 1.765403, "process_kernel_time": 0.138851, "process_mem_max_rss": "92860", "process_in_blocks": "65184", "process_out_blocks": "16", "command_success": false}
[0m21:08:18.381066 [debug] [MainThread]: Command `dbt run` failed at 21:08:18.380876 after 0.05 seconds
[0m21:08:18.381795 [debug] [MainThread]: Sending event: {'category': 'dbt', 'action': 'invocation', 'label': 'end', 'context': [<snowplow_tracker.self_describing_json.SelfDescribingJson object at 0x7f8dbb365610>, <snowplow_tracker.self_describing_json.SelfDescribingJson object at 0x7f8dbb365b10>, <snowplow_tracker.self_describing_json.SelfDescribingJson object at 0x7f8dbb5116d0>]}
[0m21:08:18.382500 [debug] [MainThread]: Flushing usage events
